<?xml version="1.0" encoding="UTF-8"?>
<!-- Generated by org.testng.reporters.JUnitReportReporter -->
<testsuite hostname="DESKTOP-T6230QL" failures="0" tests="19" name="RestAssured.ApiTesting" time="3.169" errors="0" timestamp="2024-02-17T13:07:03 IST" skipped="18">
  <testcase classname="RestAssured.ApiTesting" name="Replace_Repo_Topics" time="3.169"/>
  <system-out/>
  <testcase classname="RestAssured.ApiTesting" name="CreateRepo">
    <skipped/>
  </testcase> <!-- CreateRepo -->
  <system-out/>
  <testcase classname="RestAssured.ApiTesting" name="ListRepoLang">
    <skipped/>
  </testcase> <!-- ListRepoLang -->
  <system-out/>
  <testcase classname="RestAssured.ApiTesting" name="Get_All_Repo_Topics">
    <skipped/>
  </testcase> <!-- Get_All_Repo_Topics -->
  <system-out/>
  <testcase classname="RestAssured.ApiTesting" name="Get_All_AutoLink">
    <skipped/>
  </testcase> <!-- Get_All_AutoLink -->
  <system-out/>
  <testcase classname="RestAssured.ApiTesting" name="Get_Repo">
    <skipped/>
  </testcase> <!-- Get_Repo -->
  <system-out/>
  <testcase classname="RestAssured.ApiTesting" name="Create_An_Autolink">
    <skipped/>
  </testcase> <!-- Create_An_Autolink -->
  <system-out/>
  <testcase classname="RestAssured.ApiTesting" name="Delete_AutoLink">
    <skipped/>
  </testcase> <!-- Delete_AutoLink -->
  <system-out/>
  <testcase classname="RestAssured.ApiTesting" name="UpdateRepo">
    <skipped/>
  </testcase> <!-- UpdateRepo -->
  <system-out/>
  <testcase classname="RestAssured.ApiTesting" name="CreateFork">
    <skipped/>
  </testcase> <!-- CreateFork -->
  <system-out/>
  <testcase classname="RestAssured.ApiTesting" name="setup">
    <skipped/>
  </testcase> <!-- setup -->
  <system-out/>
  <testcase classname="RestAssured.ApiTesting" name="ListRepo">
    <skipped/>
  </testcase> <!-- ListRepo -->
  <system-out/>
  <testcase classname="RestAssured.ApiTesting" name="Create_Or_Update">
    <skipped/>
  </testcase> <!-- Create_Or_Update -->
  <system-out/>
  <testcase classname="RestAssured.ApiTesting" name="Delete_File">
    <skipped/>
  </testcase> <!-- Delete_File -->
  <system-out/>
  <testcase classname="RestAssured.ApiTesting" name="GetRepo">
    <skipped/>
  </testcase> <!-- GetRepo -->
  <system-out/>
  <testcase classname="RestAssured.ApiTesting" name="List_Repo_Tags">
    <skipped/>
  </testcase> <!-- List_Repo_Tags -->
  <system-out/>
  <testcase classname="RestAssured.ApiTesting" name="ListPublicRepo">
    <skipped/>
  </testcase> <!-- ListPublicRepo -->
  <system-out/>
  <testcase classname="RestAssured.ApiTesting" name="DeleteRepo">
    <skipped/>
  </testcase> <!-- DeleteRepo -->
  <system-out/>
  <testcase classname="RestAssured.ApiTesting" name="ListFork">
    <skipped/>
  </testcase> <!-- ListFork -->
  <system-out/>
</testsuite> <!-- RestAssured.ApiTesting -->
